CRITICAL - 2024-12-05 11:50:40 --> Class 'App\Libraries\MongoDBLibrary' not found
in APPPATH\Controllers\ProductController.php on line 13.
 1 SYSTEMPATH\CodeIgniter.php(919): App\Controllers\ProductController->index()
 2 SYSTEMPATH\CodeIgniter.php(494): CodeIgniter\CodeIgniter->runController(Object(App\Controllers\ProductController))
 3 SYSTEMPATH\CodeIgniter.php(353): CodeIgniter\CodeIgniter->handleRequest(null, Object(Config\Cache), false)
 4 FCPATH\index.php(79): CodeIgniter\CodeIgniter->run()
CRITICAL - 2024-12-05 11:55:52 --> Invalid file: "auth/login.php"
in SYSTEMPATH\Exceptions\FrameworkException.php on line 39.
 1 SYSTEMPATH\View\View.php(214): CodeIgniter\Exceptions\FrameworkException::forInvalidFile('auth/login.php')
 2 SYSTEMPATH\Common.php(1188): CodeIgniter\View\View->render('auth/login', [], true)
 3 APPPATH\Controllers\AuthController.php(11): view('auth/login')
 4 SYSTEMPATH\CodeIgniter.php(919): App\Controllers\AuthController->login()
 5 SYSTEMPATH\CodeIgniter.php(494): CodeIgniter\CodeIgniter->runController(Object(App\Controllers\AuthController))
 6 SYSTEMPATH\CodeIgniter.php(353): CodeIgniter\CodeIgniter->handleRequest(null, Object(Config\Cache), false)
 7 FCPATH\index.php(79): CodeIgniter\CodeIgniter->run()
CRITICAL - 2024-12-05 15:35:20 --> Class 'App\Libraries\MongoDBLibrary' not found
in APPPATH\Controllers\ProductController.php on line 13.
 1 SYSTEMPATH\CodeIgniter.php(919): App\Controllers\ProductController->index()
 2 SYSTEMPATH\CodeIgniter.php(494): CodeIgniter\CodeIgniter->runController(Object(App\Controllers\ProductController))
 3 SYSTEMPATH\CodeIgniter.php(353): CodeIgniter\CodeIgniter->handleRequest(null, Object(Config\Cache), false)
 4 FCPATH\index.php(79): CodeIgniter\CodeIgniter->run()
CRITICAL - 2024-12-05 15:54:38 --> Invalid file: "auth/register.php"
in SYSTEMPATH\Exceptions\FrameworkException.php on line 39.
 1 SYSTEMPATH\View\View.php(214): CodeIgniter\Exceptions\FrameworkException::forInvalidFile('auth/register.php')
 2 SYSTEMPATH\Common.php(1188): CodeIgniter\View\View->render('auth/register', [], true)
 3 APPPATH\Controllers\AuthController.php(16): view('auth/register')
 4 SYSTEMPATH\CodeIgniter.php(919): App\Controllers\AuthController->register()
 5 SYSTEMPATH\CodeIgniter.php(494): CodeIgniter\CodeIgniter->runController(Object(App\Controllers\AuthController))
 6 SYSTEMPATH\CodeIgniter.php(353): CodeIgniter\CodeIgniter->handleRequest(null, Object(Config\Cache), false)
 7 FCPATH\index.php(79): CodeIgniter\CodeIgniter->run()
